<?xml version="1.0" encoding="UTF-8"?>
<testng-results total="2" passed="2" failed="0" skipped="0">
  <reporter-output>
  </reporter-output>
  <suite started-at="2021-05-30T10:21:19Z" name="Suite" finished-at="2021-05-30T10:22:05Z" duration-ms="46331">
    <groups>
    </groups>
    <test started-at="2021-05-30T10:21:19Z" name="Test" finished-at="2021-05-30T10:22:05Z" duration-ms="46331">
      <class name="qaclickacademy.TC3Test">
        <test-method signature="Testcase3()[pri:0, instance:qaclickacademy.TC3Test@2b9ed6da]" started-at="2021-05-30T15:51:19Z" name="Testcase3" finished-at="2021-05-30T15:52:05Z" duration-ms="46287" status="PASS">
          <reporter-output>
          </reporter-output>
        </test-method> <!-- Testcase3 -->
      </class> <!-- qaclickacademy.TC3Test -->
      <class name="qaclickacademy.TC4">
        <test-method signature="Display()[pri:0, instance:qaclickacademy.TC4@59d4cd39]" started-at="2021-05-30T15:52:05Z" name="Display" finished-at="2021-05-30T15:52:05Z" duration-ms="1" status="PASS">
          <reporter-output>
          </reporter-output>
        </test-method> <!-- Display -->
      </class> <!-- qaclickacademy.TC4 -->
    </test> <!-- Test -->
  </suite> <!-- Suite -->
</testng-results>
