<?xml version="1.0" encoding="UTF-8"?>
<testng-results total="1" passed="1" failed="0" skipped="0">
  <reporter-output>
  </reporter-output>
  <suite started-at="2021-05-30T06:25:46Z" name="Default suite" finished-at="2021-05-30T06:26:28Z" duration-ms="41354">
    <groups>
    </groups>
    <test started-at="2021-05-30T06:25:46Z" name="Default test" finished-at="2021-05-30T06:26:28Z" duration-ms="41354">
      <class name="qaclickacademy.TC1Test">
        <test-method signature="Testcase1()[pri:0, instance:qaclickacademy.TC1Test@2362f559]" started-at="2021-05-30T11:55:46Z" name="Testcase1" finished-at="2021-05-30T11:56:28Z" duration-ms="41315" status="PASS">
          <reporter-output>
          </reporter-output>
        </test-method> <!-- Testcase1 -->
      </class> <!-- qaclickacademy.TC1Test -->
    </test> <!-- Default test -->
  </suite> <!-- Default suite -->
</testng-results>
